

times in msec
 clock   self+sourced   self:  sourced script
 clock   elapsed:              other lines

000.005  000.005: --- VIM STARTING ---
000.097  000.092: Allocated generic buffers
000.144  000.047: locale set
000.147  000.003: window checked
000.460  000.313: inits 1
000.484  000.024: parsing arguments
000.485  000.001: expanding arguments
000.498  000.013: shell init
000.800  000.302: Termcap init
000.815  000.015: inits 2
000.949  000.134: init highlight
001.237  000.224  000.224: sourcing /usr/share/vim/vimfiles/archlinux.vim
001.263  000.297  000.073: sourcing /etc/vimrc
001.431  000.037  000.037: sourcing /usr/share/vim/vim82/ftoff.vim
001.781  000.275  000.275: sourcing /home/peemoti/.vim/bundle/Vundle.vim/autoload/vundle.vim
001.982  000.118  000.118: sourcing /home/peemoti/.vim/bundle/Vundle.vim/autoload/vundle/config.vim
007.869  000.007  000.007: sourcing /home/peemoti/.vim/bundle/vim-fugitive/ftdetect/fugitive.vim
008.031  004.046  004.039: sourcing /usr/share/vim/vim82/filetype.vim
008.176  000.022  000.022: sourcing /usr/share/vim/vim82/ftplugin.vim
008.308  000.018  000.018: sourcing /usr/share/vim/vim82/indent.vim
008.451  007.169  002.653: sourcing $HOME/.vimrc
008.453  000.038: sourcing vimrc file(s)
008.589  000.017  000.017: sourcing /home/peemoti/.vim/bundle/command-t/autoload/commandt/mirkwood.vim
008.724  000.200  000.183: sourcing /home/peemoti/.vim/bundle/command-t/plugin/command-t.vim
008.997  000.112  000.112: sourcing /home/peemoti/.vim/bundle/nerdtree/autoload/nerdtree.vim
009.485  000.302  000.302: sourcing /home/peemoti/.vim/bundle/nerdtree/lib/nerdtree/path.vim
009.593  000.079  000.079: sourcing /home/peemoti/.vim/bundle/nerdtree/lib/nerdtree/menu_controller.vim
009.671  000.045  000.045: sourcing /home/peemoti/.vim/bundle/nerdtree/lib/nerdtree/menu_item.vim
009.760  000.062  000.062: sourcing /home/peemoti/.vim/bundle/nerdtree/lib/nerdtree/key_map.vim
009.919  000.132  000.132: sourcing /home/peemoti/.vim/bundle/nerdtree/lib/nerdtree/bookmark.vim
010.088  000.140  000.140: sourcing /home/peemoti/.vim/bundle/nerdtree/lib/nerdtree/tree_file_node.vim
010.413  000.297  000.297: sourcing /home/peemoti/.vim/bundle/nerdtree/lib/nerdtree/tree_dir_node.vim
010.553  000.109  000.109: sourcing /home/peemoti/.vim/bundle/nerdtree/lib/nerdtree/opener.vim
010.724  000.144  000.144: sourcing /home/peemoti/.vim/bundle/nerdtree/lib/nerdtree/creator.vim
010.776  000.026  000.026: sourcing /home/peemoti/.vim/bundle/nerdtree/lib/nerdtree/flag_set.vim
010.895  000.093  000.093: sourcing /home/peemoti/.vim/bundle/nerdtree/lib/nerdtree/nerdtree.vim
011.106  000.185  000.185: sourcing /home/peemoti/.vim/bundle/nerdtree/lib/nerdtree/ui.vim
011.142  000.010  000.010: sourcing /home/peemoti/.vim/bundle/nerdtree/lib/nerdtree/event.vim
011.188  000.020  000.020: sourcing /home/peemoti/.vim/bundle/nerdtree/lib/nerdtree/notifier.vim
011.522  000.305  000.305: sourcing /home/peemoti/.vim/bundle/nerdtree/autoload/nerdtree/ui_glue.vim
013.517  000.062  000.062: sourcing /home/peemoti/.vim/bundle/nerdtree/nerdtree_plugin/exec_menuitem.vim
014.030  000.505  000.505: sourcing /home/peemoti/.vim/bundle/nerdtree/nerdtree_plugin/fs_menu.vim
014.069  000.029  000.029: sourcing /home/peemoti/.vim/bundle/nerdtree/nerdtree_plugin/vcs.vim
014.461  000.276  000.276: sourcing /home/peemoti/.vim/bundle/vim-devicons/nerdtree_plugin/webdevicons.vim
014.622  005.852  002.919: sourcing /home/peemoti/.vim/bundle/nerdtree/plugin/NERD_tree.vim
015.157  000.502  000.502: sourcing /home/peemoti/.vim/bundle/tabnine-vim/plugin/youcompleteme.vim
015.313  000.009  000.009: sourcing /home/peemoti/.vim/bundle/syntastic/plugin/syntastic/autoloclist.vim
015.325  000.005  000.005: sourcing /home/peemoti/.vim/bundle/syntastic/plugin/syntastic/balloons.vim
015.336  000.005  000.005: sourcing /home/peemoti/.vim/bundle/syntastic/plugin/syntastic/checker.vim
015.348  000.006  000.006: sourcing /home/peemoti/.vim/bundle/syntastic/plugin/syntastic/cursor.vim
015.359  000.005  000.005: sourcing /home/peemoti/.vim/bundle/syntastic/plugin/syntastic/highlighting.vim
015.384  000.006  000.006: sourcing /home/peemoti/.vim/bundle/syntastic/plugin/syntastic/loclist.vim
015.396  000.005  000.005: sourcing /home/peemoti/.vim/bundle/syntastic/plugin/syntastic/modemap.vim
015.407  000.005  000.005: sourcing /home/peemoti/.vim/bundle/syntastic/plugin/syntastic/notifiers.vim
015.418  000.005  000.005: sourcing /home/peemoti/.vim/bundle/syntastic/plugin/syntastic/registry.vim
015.429  000.005  000.005: sourcing /home/peemoti/.vim/bundle/syntastic/plugin/syntastic/signs.vim
015.851  000.306  000.306: sourcing /home/peemoti/.vim/bundle/syntastic/autoload/syntastic/util.vim
022.805  000.044  000.044: sourcing /home/peemoti/.vim/bundle/syntastic/plugin/syntastic/autoloclist.vim
022.859  000.045  000.045: sourcing /home/peemoti/.vim/bundle/syntastic/plugin/syntastic/balloons.vim
022.985  000.118  000.118: sourcing /home/peemoti/.vim/bundle/syntastic/plugin/syntastic/checker.vim
023.053  000.060  000.060: sourcing /home/peemoti/.vim/bundle/syntastic/plugin/syntastic/cursor.vim
023.120  000.060  000.060: sourcing /home/peemoti/.vim/bundle/syntastic/plugin/syntastic/highlighting.vim
023.301  000.174  000.174: sourcing /home/peemoti/.vim/bundle/syntastic/plugin/syntastic/loclist.vim
023.363  000.054  000.054: sourcing /home/peemoti/.vim/bundle/syntastic/plugin/syntastic/modemap.vim
023.412  000.042  000.042: sourcing /home/peemoti/.vim/bundle/syntastic/plugin/syntastic/notifiers.vim
023.639  000.220  000.220: sourcing /home/peemoti/.vim/bundle/syntastic/plugin/syntastic/registry.vim
023.705  000.058  000.058: sourcing /home/peemoti/.vim/bundle/syntastic/plugin/syntastic/signs.vim
024.342  008.907  007.726: sourcing /home/peemoti/.vim/bundle/syntastic/plugin/syntastic.vim
025.036  000.063  000.063: sourcing /home/peemoti/.vim/bundle/ale/autoload/ale/events.vim
025.161  000.776  000.713: sourcing /home/peemoti/.vim/bundle/ale/plugin/ale.vim
025.276  000.081  000.081: sourcing /home/peemoti/.vim/bundle/vim-rainbow/plugin/rainbow.vim
025.383  000.074  000.074: sourcing /home/peemoti/.vim/bundle/lightline.vim/plugin/lightline.vim
028.711  003.300  003.300: sourcing /home/peemoti/.vim/bundle/nerdcommenter/plugin/NERD_commenter.vim
029.201  000.453  000.453: sourcing /home/peemoti/.vim/bundle/vim-surround/plugin/surround.vim
030.597  001.365  001.365: sourcing /home/peemoti/.vim/bundle/vim-fugitive/plugin/fugitive.vim
031.039  000.249  000.249: sourcing /home/peemoti/.vim/bundle/vim-gitgutter/autoload/gitgutter/utility.vim
031.363  000.172  000.172: sourcing /home/peemoti/.vim/bundle/vim-gitgutter/autoload/gitgutter/highlight.vim
032.312  001.680  001.259: sourcing /home/peemoti/.vim/bundle/vim-gitgutter/plugin/gitgutter.vim
032.377  000.029  000.029: sourcing /home/peemoti/.vim/bundle/vim-airline-themes/plugin/airline-themes.vim
032.770  000.075  000.075: sourcing /home/peemoti/.vim/bundle/vim-airline/autoload/airline/init.vim
033.131  000.115  000.115: sourcing /home/peemoti/.vim/bundle/vim-airline/autoload/airline/parts.vim
033.314  000.009  000.009: sourcing /home/peemoti/.vim/bundle/vim-airline/autoload/airline/formatter/short_path.vim
034.194  000.114  000.114: sourcing /home/peemoti/.vim/bundle/vim-airline/autoload/airline/util.vim
034.251  001.847  001.534: sourcing /home/peemoti/.vim/bundle/vim-airline/plugin/airline.vim
035.029  000.116  000.116: sourcing /home/peemoti/.vim/bundle/vim-airline/autoload/airline.vim
036.097  001.806  001.690: sourcing /home/peemoti/.vim/bundle/vim-devicons/plugin/webdevicons.vim
036.289  000.050  000.050: sourcing /usr/share/vim/vim82/plugin/getscriptPlugin.vim
036.454  000.155  000.155: sourcing /usr/share/vim/vim82/plugin/gzip.vim
036.617  000.151  000.151: sourcing /usr/share/vim/vim82/plugin/logiPat.vim
036.647  000.018  000.018: sourcing /usr/share/vim/vim82/plugin/manpager.vim
036.783  000.128  000.128: sourcing /usr/share/vim/vim82/plugin/matchparen.vim
037.169  000.374  000.374: sourcing /usr/share/vim/vim82/plugin/netrwPlugin.vim
037.199  000.008  000.008: sourcing /usr/share/vim/vim82/plugin/rrhelper.vim
037.230  000.018  000.018: sourcing /usr/share/vim/vim82/plugin/spellfile.vim
037.371  000.117  000.117: sourcing /usr/share/vim/vim82/plugin/tarPlugin.vim
037.453  000.067  000.067: sourcing /usr/share/vim/vim82/plugin/tohtml.vim
037.592  000.127  000.127: sourcing /usr/share/vim/vim82/plugin/vimballPlugin.vim
037.748  000.138  000.138: sourcing /usr/share/vim/vim82/plugin/zipPlugin.vim
037.763  001.031: loading plugins
037.793  000.030: loading packages
037.917  000.124: loading after plugins
037.923  000.006: inits 3
038.016  000.093: reading viminfo
038.019  000.003: setting raw mode
038.026  000.007: start termcap
038.049  000.023: clearing screen
039.147  000.131  000.131: sourcing /home/peemoti/.vim/bundle/syntastic/autoload/syntastic/log.vim
039.340  000.119  000.119: sourcing /home/peemoti/.vim/bundle/ale/autoload/ale.vim
039.689  000.195  000.195: sourcing /home/peemoti/.vim/bundle/vim-airline/autoload/airline/extensions.vim
039.832  000.035  000.035: sourcing /home/peemoti/.vim/bundle/vim-airline/autoload/airline/extensions/quickfix.vim
039.986  000.021  000.021: sourcing /home/peemoti/.vim/bundle/vim-airline/autoload/airline/extensions/netrw.vim
040.266  000.041  000.041: sourcing /home/peemoti/.vim/bundle/vim-airline/autoload/airline/section.vim
040.550  000.132  000.132: sourcing /home/peemoti/.vim/bundle/vim-airline/autoload/airline/highlighter.vim
040.818  000.709  000.536: sourcing /home/peemoti/.vim/bundle/vim-airline/autoload/airline/extensions/term.vim
040.979  000.016  000.016: sourcing /home/peemoti/.vim/bundle/vim-airline/autoload/airline/extensions/commandt.vim
041.155  000.067  000.067: sourcing /home/peemoti/.vim/bundle/vim-airline/autoload/airline/extensions/hunks.vim
041.462  000.151  000.151: sourcing /home/peemoti/.vim/bundle/vim-airline/autoload/airline/extensions/branch.vim
041.644  000.033  000.033: sourcing /home/peemoti/.vim/bundle/vim-airline/autoload/airline/extensions/fugitiveline.vim
041.815  000.031  000.031: sourcing /home/peemoti/.vim/bundle/vim-airline/autoload/airline/extensions/syntastic.vim
041.996  000.060  000.060: sourcing /home/peemoti/.vim/bundle/vim-airline/autoload/airline/extensions/ale.vim
042.270  000.086  000.086: sourcing /home/peemoti/.vim/bundle/vim-airline/autoload/airline/extensions/whitespace.vim
042.465  000.039  000.039: sourcing /home/peemoti/.vim/bundle/vim-airline/autoload/airline/extensions/po.vim
042.633  000.060  000.060: sourcing /home/peemoti/.vim/bundle/vim-airline/autoload/airline/extensions/wordcount.vim
042.848  000.112  000.112: sourcing /home/peemoti/.vim/bundle/vim-airline/autoload/airline/extensions/tabline.vim
042.993  000.031  000.031: sourcing /home/peemoti/.vim/bundle/vim-airline/autoload/airline/extensions/tabline/autoshow.vim
043.195  000.059  000.059: sourcing /home/peemoti/.vim/bundle/vim-airline/autoload/airline/extensions/tabline/tabs.vim
043.428  000.108  000.108: sourcing /home/peemoti/.vim/bundle/vim-airline/autoload/airline/extensions/tabline/buffers.vim
043.656  000.018  000.018: sourcing /home/peemoti/.vim/bundle/vim-airline/autoload/airline/extensions/keymap.vim
043.947  000.027  000.027: sourcing /home/peemoti/.vim/bundle/vim-airline/autoload/airline/extensions/searchcount.vim
048.778  000.032  000.032: sourcing /home/peemoti/.vim/bundle/vim-airline/autoload/airline/themes.vim
048.925  000.275  000.243: sourcing /home/peemoti/.vim/bundle/vim-airline-themes/autoload/airline/themes/violet.vim
050.424  000.161  000.161: sourcing /home/peemoti/.vim/bundle/vim-airline-themes/autoload/airline/themes/violet.vim
068.565  000.101  000.101: sourcing /home/peemoti/.vim/bundle/vim-airline/autoload/airline/builder.vim
068.971  000.056  000.056: sourcing /home/peemoti/.vim/bundle/vim-airline/autoload/airline/extensions/default.vim
088.377  047.627: opening buffers
088.873  000.256  000.256: sourcing /home/peemoti/.vim/bundle/lightline.vim/autoload/lightline.vim
089.292  000.031  000.031: sourcing /home/peemoti/.vim/bundle/lightline.vim/autoload/lightline/tab.vim
089.700  000.126  000.126: sourcing /home/peemoti/.vim/bundle/lightline.vim/autoload/lightline/colorscheme.vim
091.598  002.133  002.007: sourcing /home/peemoti/.vim/bundle/lightline.vim/autoload/lightline/colorscheme/powerline.vim
091.609  002.207  000.074: sourcing /home/peemoti/.vim/bundle/lightline.vim/autoload/lightline/colorscheme/default.vim
094.486  000.088  000.088: sourcing /home/peemoti/.vim/bundle/vim-gitgutter/autoload/gitgutter.vim
094.704  003.745: BufEnter autocommands
094.706  000.002: editing files in windows
097.688  000.038  000.038: sourcing /home/peemoti/.vim/bundle/vim-airline/autoload/airline/extensions/tabline/buflist.vim
175.940  000.407  000.407: sourcing /home/peemoti/.vim/bundle/tabnine-vim/autoload/youcompleteme.vim
238.509  143.358: VimEnter autocommands
238.511  000.002: before starting main loop
252.654  000.272  000.272: sourcing /home/peemoti/.vim/bundle/ale/autoload/ale/engine.vim
252.780  000.054  000.054: sourcing /home/peemoti/.vim/bundle/ale/autoload/ale/statusline.vim
265.126  026.289: first screen update
265.127  000.001: --- VIM STARTED ---


times in msec
 clock   self+sourced   self:  sourced script
 clock   elapsed:              other lines

000.004  000.004: --- VIM STARTING ---
000.091  000.087: Allocated generic buffers
000.138  000.047: locale set
000.141  000.003: window checked
000.387  000.246: inits 1
000.400  000.013: parsing arguments
000.401  000.001: expanding arguments
000.408  000.007: shell init
000.582  000.174: Termcap init
000.589  000.007: inits 2
000.657  000.068: init highlight
000.810  000.115  000.115: sourcing /usr/share/vim/vimfiles/archlinux.vim
000.823  000.157  000.042: sourcing /etc/vimrc
000.904  000.015  000.015: sourcing /usr/share/vim/vim82/ftoff.vim
001.077  000.136  000.136: sourcing /home/peemoti/.vim/bundle/Vundle.vim/autoload/vundle.vim
001.219  000.098  000.098: sourcing /home/peemoti/.vim/bundle/Vundle.vim/autoload/vundle/config.vim
007.104  000.007  000.007: sourcing /home/peemoti/.vim/bundle/vim-fugitive/ftdetect/fugitive.vim
007.265  004.015  004.008: sourcing /usr/share/vim/vim82/filetype.vim
007.404  000.021  000.021: sourcing /usr/share/vim/vim82/ftplugin.vim
007.536  000.018  000.018: sourcing /usr/share/vim/vim82/indent.vim
007.679  006.846  002.543: sourcing $HOME/.vimrc
007.681  000.021: sourcing vimrc file(s)
007.818  000.017  000.017: sourcing /home/peemoti/.vim/bundle/command-t/autoload/commandt/mirkwood.vim
007.953  000.201  000.184: sourcing /home/peemoti/.vim/bundle/command-t/plugin/command-t.vim
008.223  000.112  000.112: sourcing /home/peemoti/.vim/bundle/nerdtree/autoload/nerdtree.vim
008.712  000.296  000.296: sourcing /home/peemoti/.vim/bundle/nerdtree/lib/nerdtree/path.vim
008.819  000.078  000.078: sourcing /home/peemoti/.vim/bundle/nerdtree/lib/nerdtree/menu_controller.vim
008.895  000.044  000.044: sourcing /home/peemoti/.vim/bundle/nerdtree/lib/nerdtree/menu_item.vim
008.983  000.060  000.060: sourcing /home/peemoti/.vim/bundle/nerdtree/lib/nerdtree/key_map.vim
009.147  000.131  000.131: sourcing /home/peemoti/.vim/bundle/nerdtree/lib/nerdtree/bookmark.vim
009.317  000.140  000.140: sourcing /home/peemoti/.vim/bundle/nerdtree/lib/nerdtree/tree_file_node.vim
009.641  000.297  000.297: sourcing /home/peemoti/.vim/bundle/nerdtree/lib/nerdtree/tree_dir_node.vim
009.780  000.111  000.111: sourcing /home/peemoti/.vim/bundle/nerdtree/lib/nerdtree/opener.vim
009.951  000.143  000.143: sourcing /home/peemoti/.vim/bundle/nerdtree/lib/nerdtree/creator.vim
010.004  000.026  000.026: sourcing /home/peemoti/.vim/bundle/nerdtree/lib/nerdtree/flag_set.vim
010.113  000.083  000.083: sourcing /home/peemoti/.vim/bundle/nerdtree/lib/nerdtree/nerdtree.vim
010.322  000.183  000.183: sourcing /home/peemoti/.vim/bundle/nerdtree/lib/nerdtree/ui.vim
010.359  000.010  000.010: sourcing /home/peemoti/.vim/bundle/nerdtree/lib/nerdtree/event.vim
010.405  000.020  000.020: sourcing /home/peemoti/.vim/bundle/nerdtree/lib/nerdtree/notifier.vim
010.740  000.300  000.300: sourcing /home/peemoti/.vim/bundle/nerdtree/autoload/nerdtree/ui_glue.vim
012.753  000.062  000.062: sourcing /home/peemoti/.vim/bundle/nerdtree/nerdtree_plugin/exec_menuitem.vim
013.276  000.514  000.514: sourcing /home/peemoti/.vim/bundle/nerdtree/nerdtree_plugin/fs_menu.vim
013.314  000.029  000.029: sourcing /home/peemoti/.vim/bundle/nerdtree/nerdtree_plugin/vcs.vim
013.710  000.281  000.281: sourcing /home/peemoti/.vim/bundle/vim-devicons/nerdtree_plugin/webdevicons.vim
013.869  005.870  002.950: sourcing /home/peemoti/.vim/bundle/nerdtree/plugin/NERD_tree.vim
014.406  000.504  000.504: sourcing /home/peemoti/.vim/bundle/tabnine-vim/plugin/youcompleteme.vim
014.562  000.008  000.008: sourcing /home/peemoti/.vim/bundle/syntastic/plugin/syntastic/autoloclist.vim
014.574  000.005  000.005: sourcing /home/peemoti/.vim/bundle/syntastic/plugin/syntastic/balloons.vim
014.586  000.006  000.006: sourcing /home/peemoti/.vim/bundle/syntastic/plugin/syntastic/checker.vim
014.597  000.005  000.005: sourcing /home/peemoti/.vim/bundle/syntastic/plugin/syntastic/cursor.vim
014.608  000.005  000.005: sourcing /home/peemoti/.vim/bundle/syntastic/plugin/syntastic/highlighting.vim
014.634  000.006  000.006: sourcing /home/peemoti/.vim/bundle/syntastic/plugin/syntastic/loclist.vim
014.645  000.005  000.005: sourcing /home/peemoti/.vim/bundle/syntastic/plugin/syntastic/modemap.vim
014.656  000.005  000.005: sourcing /home/peemoti/.vim/bundle/syntastic/plugin/syntastic/notifiers.vim
014.667  000.006  000.006: sourcing /home/peemoti/.vim/bundle/syntastic/plugin/syntastic/registry.vim
014.678  000.005  000.005: sourcing /home/peemoti/.vim/bundle/syntastic/plugin/syntastic/signs.vim
015.098  000.304  000.304: sourcing /home/peemoti/.vim/bundle/syntastic/autoload/syntastic/util.vim
018.904  000.038  000.038: sourcing /home/peemoti/.vim/bundle/syntastic/plugin/syntastic/autoloclist.vim
018.950  000.038  000.038: sourcing /home/peemoti/.vim/bundle/syntastic/plugin/syntastic/balloons.vim
019.068  000.111  000.111: sourcing /home/peemoti/.vim/bundle/syntastic/plugin/syntastic/checker.vim
019.135  000.060  000.060: sourcing /home/peemoti/.vim/bundle/syntastic/plugin/syntastic/cursor.vim
019.197  000.055  000.055: sourcing /home/peemoti/.vim/bundle/syntastic/plugin/syntastic/highlighting.vim
019.380  000.177  000.177: sourcing /home/peemoti/.vim/bundle/syntastic/plugin/syntastic/loclist.vim
019.441  000.054  000.054: sourcing /home/peemoti/.vim/bundle/syntastic/plugin/syntastic/modemap.vim
019.489  000.042  000.042: sourcing /home/peemoti/.vim/bundle/syntastic/plugin/syntastic/notifiers.vim
019.725  000.229  000.229: sourcing /home/peemoti/.vim/bundle/syntastic/plugin/syntastic/registry.vim
019.791  000.058  000.058: sourcing /home/peemoti/.vim/bundle/syntastic/plugin/syntastic/signs.vim
020.422  005.738  004.572: sourcing /home/peemoti/.vim/bundle/syntastic/plugin/syntastic.vim
021.111  000.062  000.062: sourcing /home/peemoti/.vim/bundle/ale/autoload/ale/events.vim
021.235  000.769  000.707: sourcing /home/peemoti/.vim/bundle/ale/plugin/ale.vim
021.350  000.081  000.081: sourcing /home/peemoti/.vim/bundle/vim-rainbow/plugin/rainbow.vim
021.455  000.073  000.073: sourcing /home/peemoti/.vim/bundle/lightline.vim/plugin/lightline.vim
024.797  003.313  003.313: sourcing /home/peemoti/.vim/bundle/nerdcommenter/plugin/NERD_commenter.vim
025.272  000.438  000.438: sourcing /home/peemoti/.vim/bundle/vim-surround/plugin/surround.vim
026.680  001.376  001.376: sourcing /home/peemoti/.vim/bundle/vim-fugitive/plugin/fugitive.vim
027.113  000.240  000.240: sourcing /home/peemoti/.vim/bundle/vim-gitgutter/autoload/gitgutter/utility.vim
027.440  000.172  000.172: sourcing /home/peemoti/.vim/bundle/vim-gitgutter/autoload/gitgutter/highlight.vim
028.386  001.672  001.260: sourcing /home/peemoti/.vim/bundle/vim-gitgutter/plugin/gitgutter.vim
028.450  000.029  000.029: sourcing /home/peemoti/.vim/bundle/vim-airline-themes/plugin/airline-themes.vim
028.839  000.073  000.073: sourcing /home/peemoti/.vim/bundle/vim-airline/autoload/airline/init.vim
029.198  000.112  000.112: sourcing /home/peemoti/.vim/bundle/vim-airline/autoload/airline/parts.vim
029.381  000.008  000.008: sourcing /home/peemoti/.vim/bundle/vim-airline/autoload/airline/formatter/short_path.vim
030.268  000.118  000.118: sourcing /home/peemoti/.vim/bundle/vim-airline/autoload/airline/util.vim
030.326  001.848  001.537: sourcing /home/peemoti/.vim/bundle/vim-airline/plugin/airline.vim
031.102  000.115  000.115: sourcing /home/peemoti/.vim/bundle/vim-airline/autoload/airline.vim
032.187  001.821  001.706: sourcing /home/peemoti/.vim/bundle/vim-devicons/plugin/webdevicons.vim
032.379  000.049  000.049: sourcing /usr/share/vim/vim82/plugin/getscriptPlugin.vim
032.547  000.158  000.158: sourcing /usr/share/vim/vim82/plugin/gzip.vim
032.708  000.150  000.150: sourcing /usr/share/vim/vim82/plugin/logiPat.vim
032.738  000.017  000.017: sourcing /usr/share/vim/vim82/plugin/manpager.vim
032.874  000.127  000.127: sourcing /usr/share/vim/vim82/plugin/matchparen.vim
033.273  000.387  000.387: sourcing /usr/share/vim/vim82/plugin/netrwPlugin.vim
033.304  000.008  000.008: sourcing /usr/share/vim/vim82/plugin/rrhelper.vim
033.334  000.017  000.017: sourcing /usr/share/vim/vim82/plugin/spellfile.vim
033.471  000.118  000.118: sourcing /usr/share/vim/vim82/plugin/tarPlugin.vim
033.551  000.066  000.066: sourcing /usr/share/vim/vim82/plugin/tohtml.vim
033.690  000.127  000.127: sourcing /usr/share/vim/vim82/plugin/vimballPlugin.vim
033.847  000.138  000.138: sourcing /usr/share/vim/vim82/plugin/zipPlugin.vim
033.862  001.030: loading plugins
033.897  000.035: loading packages
034.020  000.123: loading after plugins
034.026  000.006: inits 3
034.116  000.090: reading viminfo
034.119  000.003: setting raw mode
034.125  000.006: start termcap
034.146  000.021: clearing screen
035.236  000.131  000.131: sourcing /home/peemoti/.vim/bundle/syntastic/autoload/syntastic/log.vim
035.429  000.119  000.119: sourcing /home/peemoti/.vim/bundle/ale/autoload/ale.vim
035.778  000.195  000.195: sourcing /home/peemoti/.vim/bundle/vim-airline/autoload/airline/extensions.vim
035.919  000.035  000.035: sourcing /home/peemoti/.vim/bundle/vim-airline/autoload/airline/extensions/quickfix.vim
036.072  000.021  000.021: sourcing /home/peemoti/.vim/bundle/vim-airline/autoload/airline/extensions/netrw.vim
036.350  000.040  000.040: sourcing /home/peemoti/.vim/bundle/vim-airline/autoload/airline/section.vim
036.642  000.132  000.132: sourcing /home/peemoti/.vim/bundle/vim-airline/autoload/airline/highlighter.vim
036.912  000.722  000.550: sourcing /home/peemoti/.vim/bundle/vim-airline/autoload/airline/extensions/term.vim
037.069  000.015  000.015: sourcing /home/peemoti/.vim/bundle/vim-airline/autoload/airline/extensions/commandt.vim
037.246  000.067  000.067: sourcing /home/peemoti/.vim/bundle/vim-airline/autoload/airline/extensions/hunks.vim
037.550  000.147  000.147: sourcing /home/peemoti/.vim/bundle/vim-airline/autoload/airline/extensions/branch.vim
037.733  000.033  000.033: sourcing /home/peemoti/.vim/bundle/vim-airline/autoload/airline/extensions/fugitiveline.vim
037.902  000.030  000.030: sourcing /home/peemoti/.vim/bundle/vim-airline/autoload/airline/extensions/syntastic.vim
038.081  000.059  000.059: sourcing /home/peemoti/.vim/bundle/vim-airline/autoload/airline/extensions/ale.vim
038.358  000.086  000.086: sourcing /home/peemoti/.vim/bundle/vim-airline/autoload/airline/extensions/whitespace.vim
038.555  000.039  000.039: sourcing /home/peemoti/.vim/bundle/vim-airline/autoload/airline/extensions/po.vim
038.724  000.060  000.060: sourcing /home/peemoti/.vim/bundle/vim-airline/autoload/airline/extensions/wordcount.vim
038.939  000.111  000.111: sourcing /home/peemoti/.vim/bundle/vim-airline/autoload/airline/extensions/tabline.vim
039.090  000.031  000.031: sourcing /home/peemoti/.vim/bundle/vim-airline/autoload/airline/extensions/tabline/autoshow.vim
039.297  000.058  000.058: sourcing /home/peemoti/.vim/bundle/vim-airline/autoload/airline/extensions/tabline/tabs.vim
039.530  000.107  000.107: sourcing /home/peemoti/.vim/bundle/vim-airline/autoload/airline/extensions/tabline/buffers.vim
039.763  000.018  000.018: sourcing /home/peemoti/.vim/bundle/vim-airline/autoload/airline/extensions/keymap.vim
040.045  000.026  000.026: sourcing /home/peemoti/.vim/bundle/vim-airline/autoload/airline/extensions/searchcount.vim
044.905  000.031  000.031: sourcing /home/peemoti/.vim/bundle/vim-airline/autoload/airline/themes.vim
045.053  000.275  000.244: sourcing /home/peemoti/.vim/bundle/vim-airline-themes/autoload/airline/themes/violet.vim
046.585  000.164  000.164: sourcing /home/peemoti/.vim/bundle/vim-airline-themes/autoload/airline/themes/violet.vim
064.894  000.101  000.101: sourcing /home/peemoti/.vim/bundle/vim-airline/autoload/airline/builder.vim
065.306  000.058  000.058: sourcing /home/peemoti/.vim/bundle/vim-airline/autoload/airline/extensions/default.vim
084.902  048.048: opening buffers
085.398  000.256  000.256: sourcing /home/peemoti/.vim/bundle/lightline.vim/autoload/lightline.vim
085.820  000.031  000.031: sourcing /home/peemoti/.vim/bundle/lightline.vim/autoload/lightline/tab.vim
086.225  000.126  000.126: sourcing /home/peemoti/.vim/bundle/lightline.vim/autoload/lightline/colorscheme.vim
088.169  002.175  002.049: sourcing /home/peemoti/.vim/bundle/lightline.vim/autoload/lightline/colorscheme/powerline.vim
088.182  002.251  000.076: sourcing /home/peemoti/.vim/bundle/lightline.vim/autoload/lightline/colorscheme/default.vim
091.104  000.087  000.087: sourcing /home/peemoti/.vim/bundle/vim-gitgutter/autoload/gitgutter.vim
091.327  003.800: BufEnter autocommands
091.328  000.001: editing files in windows
094.348  000.037  000.037: sourcing /home/peemoti/.vim/bundle/vim-airline/autoload/airline/extensions/tabline/buflist.vim
173.872  000.410  000.410: sourcing /home/peemoti/.vim/bundle/tabnine-vim/autoload/youcompleteme.vim
236.125  144.350: VimEnter autocommands
236.127  000.002: before starting main loop
247.999  000.265  000.265: sourcing /home/peemoti/.vim/bundle/ale/autoload/ale/engine.vim
248.125  000.053  000.053: sourcing /home/peemoti/.vim/bundle/ale/autoload/ale/statusline.vim
260.609  024.164: first screen update
260.610  000.001: --- VIM STARTED ---
